<?xml version="1.0" encoding="UTF-8" ?>
<testsuite tests="9" failures="0" name="com.baeldung.spring.webclientrequests.WebClientRequestsUnitTest" time="0.086" errors="0" skipped="0">
  <properties>
    <property name="java.runtime.name" value="Java(TM) SE Runtime Environment"/>
    <property name="sun.boot.library.path" value="C:\portable\jdk_8_121\jre\bin"/>
    <property name="java.vm.version" value="25.121-b13"/>
    <property name="java.vm.vendor" value="Oracle Corporation"/>
    <property name="maven.multiModuleProjectDirectory" value="C:/Users/se53293/documents/EA/rsocket/spring-5-webflux"/>
    <property name="java.vendor.url" value="http://java.oracle.com/"/>
    <property name="path.separator" value=";"/>
    <property name="guice.disable.misplaced.annotation.check" value="true"/>
    <property name="java.vm.name" value="Java HotSpot(TM) 64-Bit Server VM"/>
    <property name="file.encoding.pkg" value="sun.io"/>
    <property name="user.script" value=""/>
    <property name="user.country" value="GB"/>
    <property name="sun.java.launcher" value="SUN_STANDARD"/>
    <property name="sun.os.patch.level" value="Service Pack 1"/>
    <property name="java.vm.specification.name" value="Java Virtual Machine Specification"/>
    <property name="user.dir" value="C:\Users\se53293\documents\EA\rsocket\spring-5-webflux"/>
    <property name="java.runtime.version" value="1.8.0_121-b13"/>
    <property name="java.awt.graphicsenv" value="sun.awt.Win32GraphicsEnvironment"/>
    <property name="java.endorsed.dirs" value="C:\portable\jdk_8_121\jre\lib\endorsed"/>
    <property name="os.arch" value="amd64"/>
    <property name="java.io.tmpdir" value="C:\Users\se53293\AppData\Local\Temp\"/>
    <property name="line.separator" value="
"/>
    <property name="java.vm.specification.vendor" value="Oracle Corporation"/>
    <property name="user.variant" value=""/>
    <property name="os.name" value="Windows 7"/>
    <property name="classworlds.conf" value="C:/portable/apache-maven-3.6.1/bin/m2.conf"/>
    <property name="sun.jnu.encoding" value="Cp1252"/>
    <property name="java.library.path" value="C:\portable\jdk_8_121\bin;C:\WINDOWS\Sun\Java\bin;C:\WINDOWS\system32;C:\WINDOWS;C:\Users\se53293\bin;C:\Users\se53293\AppData\Local\Programs\Git\mingw64\bin;C:\Users\se53293\AppData\Local\Programs\Git\usr\local\bin;C:\Users\se53293\AppData\Local\Programs\Git\usr\bin;C:\Users\se53293\AppData\Local\Programs\Git\usr\bin;C:\Users\se53293\AppData\Local\Programs\Git\mingw64\bin;C:\Users\se53293\AppData\Local\Programs\Git\usr\bin;C:\Users\se53293\bin;C:\WINDOWS\system32;C:\WINDOWS;C:\WINDOWS\System32\Wbem;C:\WINDOWS\System32\WindowsPowerShell\v1.0;C:\WINDOWS\System32\WindowsPowerShell\v1.0;C:\WINDOWS\System32\WindowsPowerShell\v1.0;C:\WINDOWS\System32\WindowsPowerShell\v1.0;C:\WINDOWS\System32\WindowsPowerShell\v1.0;C:\Program Files (x86)\QuickTime\QTSystem;C:\Program Files\TortoiseSVN\bin;C:\Program Files\nodejs;C:\WINDOWS\System32\WindowsPowerShell\v1.0;C:\Users\se53293\AppData\Local\Programs\Git\cmd;C:\WINDOWS\system32;C:\WINDOWS;C:\WINDOWS\System32\Wbem;C:\WINDOWS\System32\WindowsPowerShell\v1.0;C:\WINDOWS\System32\WindowsPowerShell\v1.0;C:\WINDOWS\System32\WindowsPowerShell\v1.0;C:\WINDOWS\System32\WindowsPowerShell\v1.0;C:\WINDOWS\System32\WindowsPowerShell\v1.0;C:\Program Files (x86)\QuickTime\QTSystem;C:\Program Files\TortoiseSVN\bin;C:\Program Files\nodejs;C:\WINDOWS\System32\WindowsPowerShell\v1.0;C:\Users\se53293\AppData\Local\Programs\Git\cmd;C:\WINDOWS\system32;C:\WINDOWS;C:\WINDOWS\System32\Wbem;C:\WINDOWS\System32\WindowsPowerShell\v1.0;C:\WINDOWS\System32\WindowsPowerShell\v1.0;C:\WINDOWS\System32\WindowsPowerShell\v1.0;C:\WINDOWS\System32\WindowsPowerShell\v1.0;C:\WINDOWS\System32\WindowsPowerShell\v1.0;C:\Program Files (x86)\QuickTime\QTSystem;C:\Program Files\TortoiseSVN\bin;C:\Program Files\nodejs;C:\WINDOWS\System32\WindowsPowerShell\v1.0;C:\Users\se53293\AppData\Roaming\npm;C:\Users\se53293\AppData\Local\Programs\Git\cmd;C;C:\Users\se53293\AppData\Local\Programs\Microsoft VS Code\bin;C:\Users\se53293\AppData\Local\Programs\Git\usr\bin\vendor_perl;C:\Users\se53293\AppData\Local\Programs\Git\usr\bin\core_perl;C:\portable\apache-maven-3.6.1\bin;."/>
    <property name="maven.conf" value="C:/portable/apache-maven-3.6.1/conf"/>
    <property name="java.specification.name" value="Java Platform API Specification"/>
    <property name="java.class.version" value="52.0"/>
    <property name="sun.management.compiler" value="HotSpot 64-Bit Tiered Compilers"/>
    <property name="os.version" value="6.1"/>
    <property name="library.jansi.path" value="C:/portable/apache-maven-3.6.1/lib/jansi-native"/>
    <property name="user.home" value="C:\Users\se53293"/>
    <property name="user.timezone" value="Europe/Berlin"/>
    <property name="java.awt.printerjob" value="sun.awt.windows.WPrinterJob"/>
    <property name="java.specification.version" value="1.8"/>
    <property name="file.encoding" value="Cp1252"/>
    <property name="user.name" value="SE53293"/>
    <property name="java.class.path" value="C:/portable/apache-maven-3.6.1/boot/plexus-classworlds-2.6.0.jar"/>
    <property name="java.vm.specification.version" value="1.8"/>
    <property name="sun.arch.data.model" value="64"/>
    <property name="java.home" value="C:\portable\jdk_8_121\jre"/>
    <property name="sun.java.command" value="org.codehaus.plexus.classworlds.launcher.Launcher clean install"/>
    <property name="java.specification.vendor" value="Oracle Corporation"/>
    <property name="user.language" value="en"/>
    <property name="awt.toolkit" value="sun.awt.windows.WToolkit"/>
    <property name="java.vm.info" value="mixed mode"/>
    <property name="java.version" value="1.8.0_121"/>
    <property name="java.ext.dirs" value="C:\portable\jdk_8_121\jre\lib\ext;C:\WINDOWS\Sun\Java\lib\ext"/>
    <property name="sun.boot.class.path" value="C:\portable\jdk_8_121\jre\lib\resources.jar;C:\portable\jdk_8_121\jre\lib\rt.jar;C:\portable\jdk_8_121\jre\lib\sunrsasign.jar;C:\portable\jdk_8_121\jre\lib\jsse.jar;C:\portable\jdk_8_121\jre\lib\jce.jar;C:\portable\jdk_8_121\jre\lib\charsets.jar;C:\portable\jdk_8_121\jre\lib\jfr.jar;C:\portable\jdk_8_121\jre\classes"/>
    <property name="java.vendor" value="Oracle Corporation"/>
    <property name="maven.home" value="C:\portable\apache-maven-3.6.1"/>
    <property name="file.separator" value="\"/>
    <property name="java.vendor.url.bug" value="http://bugreport.sun.com/bugreport/"/>
    <property name="sun.cpu.endian" value="little"/>
    <property name="sun.io.unicode.encoding" value="UnicodeLittle"/>
    <property name="sun.desktop" value="windows"/>
    <property name="sun.cpu.isalist" value="amd64"/>
  </properties>
  <testcase classname="com.baeldung.spring.webclientrequests.WebClientRequestsUnitTest" name="whenCallSingleQueryParamsPlaceholders_thenURIMatched" time="0.064"/>
  <testcase classname="com.baeldung.spring.webclientrequests.WebClientRequestsUnitTest" name="whenCallArrayQueryParams_thenURIMatched" time="0.003"/>
  <testcase classname="com.baeldung.spring.webclientrequests.WebClientRequestsUnitTest" name="whenCallArrayQueryParamsBrackets_thenURIMatched" time="0.003"/>
  <testcase classname="com.baeldung.spring.webclientrequests.WebClientRequestsUnitTest" name="whenCallSimpleURI_thenURIMatched" time="0.002"/>
  <testcase classname="com.baeldung.spring.webclientrequests.WebClientRequestsUnitTest" name="whenCallSinglePathSegmentUri_thenURIMatched" time="0.003"/>
  <testcase classname="com.baeldung.spring.webclientrequests.WebClientRequestsUnitTest" name="whenCallMultiplePathSegmentsUri_thenURIMatched" time="0.003"/>
  <testcase classname="com.baeldung.spring.webclientrequests.WebClientRequestsUnitTest" name="whenCallSingleQueryParams_thenURIMatched" time="0.003"/>
  <testcase classname="com.baeldung.spring.webclientrequests.WebClientRequestsUnitTest" name="whenCallArrayQueryParamsComma_thenURIMatched" time="0.002"/>
  <testcase classname="com.baeldung.spring.webclientrequests.WebClientRequestsUnitTest" name="whenUriComponentEncoding_thenQueryParamsNotEscaped" time="0.003"/>
</testsuite>